<?xml version="1.0" encoding="UTF-8"?>
<!-- Generated by org.testng.reporters.JUnitReportReporter -->
<testsuite hostname="HP" failures="0" tests="1" name="runner.TC01_LoginPage" time="16.405" errors="0" timestamp="05 Nov 2022 07:19:44 GMT" skipped="0">
  <testcase classname="runner.TC01_LoginPage" name="runScenario" time="16.405"/>
</testsuite> <!-- runner.TC01_LoginPage -->
